/// A response providing an access token from /api/v1/access_token which can be used for the
/// OAuth-based authenticators
#[derive(Debug)]
pub struct TokenResponse {
    pub access_token: String,
    pub expires_in: u64,
    pub scope: String,
    pub token_type: String,
}
#[allow(non_upper_case_globals, unused_attributes, unused_qualifications)]
const _IMPL_DESERIALIZE_FOR_TokenResponse: () =
    {
        extern crate serde as _serde;
        #[automatically_derived]
        impl _serde::de::Deserialize for TokenResponse {
            fn deserialize<__D>(deserializer: &mut __D)
             -> ::std::result::Result<TokenResponse, __D::Error> where
             __D: _serde::de::Deserializer {
                {
                    #[allow(non_camel_case_types)]
                    enum __Field {
                        __field0,
                        __field1,
                        __field2,
                        __field3,
                        __ignore,
                    }
                    impl _serde::de::Deserialize for __Field {
                        #[inline]
                        fn deserialize<__D>(deserializer: &mut __D)
                         -> ::std::result::Result<__Field, __D::Error> where
                         __D: _serde::de::Deserializer {
                            struct __FieldVisitor<__D> {
                                phantom: ::std::marker::PhantomData<__D>,
                            }
                            impl <__D> _serde::de::Visitor for
                             __FieldVisitor<__D> where
                             __D: _serde::de::Deserializer {
                                type
                                Value
                                =
                                __Field;
                                fn visit_usize<__E>(&mut self, value: usize)
                                 -> ::std::result::Result<__Field, __E> where
                                 __E: _serde::de::Error {
                                    match value {
                                        0usize => { Ok(__Field::__field0) }
                                        1usize => { Ok(__Field::__field1) }
                                        2usize => { Ok(__Field::__field2) }
                                        3usize => { Ok(__Field::__field3) }
                                        _ => Ok(__Field::__ignore),
                                    }
                                }
                                fn visit_str<__E>(&mut self, value: &str)
                                 -> ::std::result::Result<__Field, __E> where
                                 __E: _serde::de::Error {
                                    match value {
                                        "access_token" => {
                                            Ok(__Field::__field0)
                                        }
                                        "expires_in" => {
                                            Ok(__Field::__field1)
                                        }
                                        "scope" => { Ok(__Field::__field2) }
                                        "token_type" => {
                                            Ok(__Field::__field3)
                                        }
                                        _ => Ok(__Field::__ignore),
                                    }
                                }
                                fn visit_bytes<__E>(&mut self, value: &[u8])
                                 -> ::std::result::Result<__Field, __E> where
                                 __E: _serde::de::Error {
                                    match value {
                                        b"access_token" => {
                                            Ok(__Field::__field0)
                                        }
                                        b"expires_in" => {
                                            Ok(__Field::__field1)
                                        }
                                        b"scope" => { Ok(__Field::__field2) }
                                        b"token_type" => {
                                            Ok(__Field::__field3)
                                        }
                                        _ => Ok(__Field::__ignore),
                                    }
                                }
                            }
                            deserializer.deserialize_struct_field(__FieldVisitor::<__D>{phantom:
                                                                                            ::std::marker::PhantomData,})
                        }
                    }
                    struct __Visitor<__D: _serde::de::Deserializer>(::std::marker::PhantomData<__D>);
                    impl <__D: _serde::de::Deserializer> _serde::de::Visitor
                     for __Visitor<__D> {
                        type
                        Value
                        =
                        TokenResponse;
                        #[inline]
                        fn visit_seq<__V>(&mut self, mut visitor: __V)
                         -> ::std::result::Result<TokenResponse, __V::Error>
                         where __V: _serde::de::SeqVisitor {
                            {
                                let __field0 =
                                    match try!(visitor . visit :: < String > (
                                                )) {
                                        Some(value) => { value }
                                        None => {
                                            try!(visitor . end (  ));
                                            return Err(_serde::de::Error::invalid_length(0usize));
                                        }
                                    };
                                let __field1 =
                                    match try!(visitor . visit :: < u64 > (
                                               )) {
                                        Some(value) => { value }
                                        None => {
                                            try!(visitor . end (  ));
                                            return Err(_serde::de::Error::invalid_length(1usize));
                                        }
                                    };
                                let __field2 =
                                    match try!(visitor . visit :: < String > (
                                                )) {
                                        Some(value) => { value }
                                        None => {
                                            try!(visitor . end (  ));
                                            return Err(_serde::de::Error::invalid_length(2usize));
                                        }
                                    };
                                let __field3 =
                                    match try!(visitor . visit :: < String > (
                                                )) {
                                        Some(value) => { value }
                                        None => {
                                            try!(visitor . end (  ));
                                            return Err(_serde::de::Error::invalid_length(3usize));
                                        }
                                    };
                                try!(visitor . end (  ));
                                Ok(TokenResponse{access_token: __field0,
                                                 expires_in: __field1,
                                                 scope: __field2,
                                                 token_type: __field3,})
                            }
                        }
                        #[inline]
                        fn visit_map<__V>(&mut self, mut visitor: __V)
                         -> ::std::result::Result<TokenResponse, __V::Error>
                         where __V: _serde::de::MapVisitor {
                            {
                                let mut __field0: Option<String> = None;
                                let mut __field1: Option<u64> = None;
                                let mut __field2: Option<String> = None;
                                let mut __field3: Option<String> = None;
                                while let Some(key) =
                                          try!(visitor . visit_key :: <
                                               __Field > (  )) {
                                    match key {
                                        __Field::__field0 => {
                                            if __field0.is_some() {
                                                return Err(<__V::Error as
                                                               _serde::de::Error>::duplicate_field("access_token"));
                                            }
                                            __field0 =
                                                Some(try!(visitor .
                                                          visit_value :: <
                                                          String > (  )));
                                        }
                                        __Field::__field1 => {
                                            if __field1.is_some() {
                                                return Err(<__V::Error as
                                                               _serde::de::Error>::duplicate_field("expires_in"));
                                            }
                                            __field1 =
                                                Some(try!(visitor .
                                                          visit_value :: < u64
                                                          > (  )));
                                        }
                                        __Field::__field2 => {
                                            if __field2.is_some() {
                                                return Err(<__V::Error as
                                                               _serde::de::Error>::duplicate_field("scope"));
                                            }
                                            __field2 =
                                                Some(try!(visitor .
                                                          visit_value :: <
                                                          String > (  )));
                                        }
                                        __Field::__field3 => {
                                            if __field3.is_some() {
                                                return Err(<__V::Error as
                                                               _serde::de::Error>::duplicate_field("token_type"));
                                            }
                                            __field3 =
                                                Some(try!(visitor .
                                                          visit_value :: <
                                                          String > (  )));
                                        }
                                        _ => {
                                            try!(visitor . visit_value :: <
                                                 _serde :: de :: impls ::
                                                 IgnoredAny > (  ));
                                        }
                                    }
                                }
                                try!(visitor . end (  ));
                                let __field0 =
                                    match __field0 {
                                        Some(__field0) => __field0,
                                        None =>
                                        try!(visitor . missing_field (
                                             "access_token" )),
                                    };
                                let __field1 =
                                    match __field1 {
                                        Some(__field1) => __field1,
                                        None =>
                                        try!(visitor . missing_field (
                                             "expires_in" )),
                                    };
                                let __field2 =
                                    match __field2 {
                                        Some(__field2) => __field2,
                                        None =>
                                        try!(visitor . missing_field ( "scope"
                                             )),
                                    };
                                let __field3 =
                                    match __field3 {
                                        Some(__field3) => __field3,
                                        None =>
                                        try!(visitor . missing_field (
                                             "token_type" )),
                                    };
                                Ok(TokenResponse{access_token: __field0,
                                                 expires_in: __field1,
                                                 scope: __field2,
                                                 token_type: __field3,})
                            }
                        }
                    }
                    const FIELDS: &'static [&'static str] =
                        &["access_token", "expires_in", "scope",
                          "token_type"];
                    deserializer.deserialize_struct("TokenResponse", FIELDS,
                                                    __Visitor::<__D>(::std::marker::PhantomData))
                }
            }
        }
    };
